WARNING:tensorflow:5 out of the last 15 calls to <function TensorFlowTrainer.make_predict_function.<locals>.one_step_on_data_distributed at 0x789e047267a0> triggered tf.function retracing. Tracing is expensive and the excessive number of tracings could be due to (1) creating @tf.function repeatedly in a loop, (2) passing tensors with different shapes, (3) passing Python objects instead of tensors. For (1), please define your @tf.function outside of the loop. For (2), @tf.function has reduce_retracing=True option that can avoid unnecessary retracing. For (3), please refer to https://www.tensorflow.org/guide/function#controlling_retracing and https://www.tensorflow.org/api_docs/python/tf/function for  more details.
WARNING:tensorflow:5 out of the last 15 calls to <function TensorFlowTrainer.make_predict_function.<locals>.one_step_on_data_distributed at 0x789e0418a3e0> triggered tf.function retracing. Tracing is expensive and the excessive number of tracings could be due to (1) creating @tf.function repeatedly in a loop, (2) passing tensors with different shapes, (3) passing Python objects instead of tensors. For (1), please define your @tf.function outside of the loop. For (2), @tf.function has reduce_retracing=True option that can avoid unnecessary retracing. For (3), please refer to https://www.tensorflow.org/guide/function#controlling_retracing and https://www.tensorflow.org/api_docs/python/tf/function for  more details.
LSTM — dispositivo: gpu (/physical_device:GPU:0) (LSTM_DEVICE='gpu', LSTM_GPU_INDEX='0' ou todas, use_cudnn=False, XLA auto-jit desligado; CUDA_VISIBLE_DEVICES='0')
Fold 1 — treino externo: 1035 -> 1035 amostras.
Fold 1/5 — Optuna (AUC val interna média em 5 folds NCV=0.7773): {'units': 64, 'dropout': 0.17394178221021084, 'learning_rate': 0.0027051668818999287, 'batch_size': 32}

PermutationExplainer explainer:   2%|▏         | 1/60 [00:00<?, ?it/s]
PermutationExplainer explainer:   5%|▌         | 3/60 [02:09<34:00, 35.80s/it]
PermutationExplainer explainer:   7%|▋         | 4/60 [03:37<53:28, 57.29s/it]
PermutationExplainer explainer:   8%|▊         | 5/60 [04:45<56:17, 61.40s/it]
PermutationExplainer explainer:  10%|█         | 6/60 [06:11<1:03:01, 70.04s/it]
PermutationExplainer explainer:  12%|█▏        | 7/60 [07:22<1:02:13, 70.44s/it]
PermutationExplainer explainer:  13%|█▎        | 8/60 [08:32<1:00:50, 70.20s/it]
PermutationExplainer explainer:  15%|█▌        | 9/60 [10:02<1:04:50, 76.28s/it]
PermutationExplainer explainer:  17%|█▋        | 10/60 [11:15<1:02:48, 75.36s/it]
PermutationExplainer explainer:  18%|█▊        | 11/60 [12:30<1:01:30, 75.32s/it]
PermutationExplainer explainer:  20%|██        | 12/60 [13:43<59:33, 74.44s/it]  
PermutationExplainer explainer:  22%|██▏       | 13/60 [15:07<1:00:36, 77.38s/it]
PermutationExplainer explainer:  23%|██▎       | 14/60 [16:17<57:32, 75.06s/it]  
PermutationExplainer explainer:  25%|██▌       | 15/60 [17:29<55:39, 74.22s/it]
PermutationExplainer explainer:  27%|██▋       | 16/60 [18:48<55:28, 75.65s/it]
PermutationExplainer explainer:  28%|██▊       | 17/60 [19:59<53:15, 74.32s/it]
PermutationExplainer explainer:  30%|███       | 18/60 [21:31<55:42, 79.58s/it]
PermutationExplainer explainer:  32%|███▏      | 19/60 [22:42<52:37, 77.01s/it]
PermutationExplainer explainer:  33%|███▎      | 20/60 [23:56<50:43, 76.08s/it]
PermutationExplainer explainer:  35%|███▌      | 21/60 [25:29<52:53, 81.38s/it]
PermutationExplainer explainer:  37%|███▋      | 22/60 [26:37<48:55, 77.24s/it]
PermutationExplainer explainer:  38%|███▊      | 23/60 [28:03<49:14, 79.84s/it]
PermutationExplainer explainer:  40%|████      | 24/60 [29:17<46:49, 78.04s/it]
PermutationExplainer explainer:  42%|████▏     | 25/60 [30:45<47:15, 81.02s/it]
PermutationExplainer explainer:  43%|████▎     | 26/60 [32:01<45:02, 79.48s/it]
PermutationExplainer explainer:  45%|████▌     | 27/60 [33:06<41:27, 75.37s/it]
PermutationExplainer explainer:  47%|████▋     | 28/60 [34:25<40:40, 76.28s/it]
PermutationExplainer explainer:  48%|████▊     | 29/60 [35:40<39:18, 76.07s/it]
PermutationExplainer explainer:  50%|█████     | 30/60 [37:08<39:46, 79.54s/it]
PermutationExplainer explainer:  52%|█████▏    | 31/60 [38:18<37:05, 76.74s/it]
PermutationExplainer explainer:  53%|█████▎    | 32/60 [39:26<34:31, 74.00s/it]
PermutationExplainer explainer:  55%|█████▌    | 33/60 [40:45<34:02, 75.65s/it]
PermutationExplainer explainer:  57%|█████▋    | 34/60 [42:01<32:46, 75.64s/it]
PermutationExplainer explainer:  58%|█████▊    | 35/60 [43:30<33:13, 79.73s/it]
PermutationExplainer explainer:  60%|██████    | 36/60 [44:44<31:08, 77.84s/it]
PermutationExplainer explainer:  62%|██████▏   | 37/60 [45:55<29:01, 75.73s/it]
PermutationExplainer explainer:  63%|██████▎   | 38/60 [47:24<29:14, 79.75s/it]
PermutationExplainer explainer:  65%|██████▌   | 39/60 [48:37<27:11, 77.71s/it]
PermutationExplainer explainer:  67%|██████▋   | 40/60 [50:02<26:42, 80.12s/it]
PermutationExplainer explainer:  68%|██████▊   | 41/60 [51:16<24:45, 78.16s/it]
PermutationExplainer explainer:  70%|███████   | 42/60 [52:46<24:31, 81.73s/it]
PermutationExplainer explainer:  72%|███████▏  | 43/60 [53:57<22:12, 78.39s/it]
PermutationExplainer explainer:  73%|███████▎  | 44/60 [55:04<20:00, 75.04s/it]
PermutationExplainer explainer:  75%|███████▌  | 45/60 [56:21<18:56, 75.75s/it]
PermutationExplainer explainer:  77%|███████▋  | 46/60 [57:33<17:25, 74.68s/it]
PermutationExplainer explainer:  78%|███████▊  | 47/60 [58:55<16:38, 76.84s/it]
PermutationExplainer explainer:  80%|████████  | 48/60 [1:00:13<15:25, 77.16s/it]
PermutationExplainer explainer:  82%|████████▏ | 49/60 [1:01:22<13:40, 74.62s/it]
PermutationExplainer explainer:  83%|████████▎ | 50/60 [1:02:42<12:41, 76.13s/it]
PermutationExplainer explainer:  85%|████████▌ | 51/60 [1:03:56<11:19, 75.48s/it]
PermutationExplainer explainer:  87%|████████▋ | 52/60 [1:05:23<10:33, 79.20s/it]
PermutationExplainer explainer:  88%|████████▊ | 53/60 [1:06:35<08:57, 76.80s/it]
PermutationExplainer explainer:  90%|█████████ | 54/60 [1:07:42<07:23, 73.90s/it]
PermutationExplainer explainer:  92%|█████████▏| 55/60 [1:09:02<06:19, 75.83s/it]
PermutationExplainer explainer:  93%|█████████▎| 56/60 [1:10:10<04:53, 73.39s/it]
PermutationExplainer explainer:  95%|█████████▌| 57/60 [1:11:08<03:26, 68.92s/it]
PermutationExplainer explainer:  97%|█████████▋| 58/60 [1:12:43<02:33, 76.71s/it]
PermutationExplainer explainer:  98%|█████████▊| 59/60 [1:13:53<01:14, 74.65s/it]
PermutationExplainer explainer: 100%|██████████| 60/60 [1:15:15<00:00, 76.84s/it]
PermutationExplainer explainer: 61it [1:16:30, 76.30s/it]                        
PermutationExplainer explainer: 61it [1:16:30, 76.51s/it]
Fold 1/5 — teste: acc=0.6805, AUC=0.6646, F1=0.2062, AP=0.3645
Fold 2/5 — Optuna (AUC val interna média em 5 folds NCV=0.7770): {'units': 32, 'dropout': 0.3733969384249137, 'learning_rate': 0.0005864500320427389, 'batch_size': 64}

PermutationExplainer explainer:   2%|▏         | 1/60 [00:00<?, ?it/s]
PermutationExplainer explainer:   5%|▌         | 3/60 [02:10<39:30, 41.58s/it]
PermutationExplainer explainer:   7%|▋         | 4/60 [03:17<48:49, 52.32s/it]
PermutationExplainer explainer:   8%|▊         | 5/60 [04:27<54:03, 58.98s/it]
PermutationExplainer explainer:  10%|█         | 6/60 [05:55<1:02:07, 69.03s/it]
PermutationExplainer explainer:  12%|█▏        | 7/60 [07:04<1:01:00, 69.07s/it]
PermutationExplainer explainer:  13%|█▎        | 8/60 [08:29<1:04:11, 74.07s/it]
PermutationExplainer explainer:  15%|█▌        | 9/60 [09:39<1:01:57, 72.90s/it]
PermutationExplainer explainer:  17%|█▋        | 10/60 [10:48<59:43, 71.67s/it] 
PermutationExplainer explainer:  18%|█▊        | 11/60 [12:21<1:03:52, 78.22s/it]
PermutationExplainer explainer:  20%|██        | 12/60 [13:26<59:19, 74.15s/it]  
PermutationExplainer explainer:  22%|██▏       | 13/60 [14:49<1:00:02, 76.64s/it]
PermutationExplainer explainer:  23%|██▎       | 14/60 [15:59<57:16, 74.70s/it]  
PermutationExplainer explainer:  25%|██▌       | 15/60 [17:09<55:03, 73.41s/it]
PermutationExplainer explainer:  27%|██▋       | 16/60 [18:42<58:08, 79.28s/it]
PermutationExplainer explainer:  28%|██▊       | 17/60 [19:51<54:31, 76.09s/it]
PermutationExplainer explainer:  30%|███       | 18/60 [21:07<53:22, 76.24s/it]
PermutationExplainer explainer:  32%|███▏      | 19/60 [22:12<49:40, 72.69s/it]
PermutationExplainer explainer:  33%|███▎      | 20/60 [23:21<47:42, 71.55s/it]
PermutationExplainer explainer:  35%|███▌      | 21/60 [24:53<50:29, 77.69s/it]
PermutationExplainer explainer:  37%|███▋      | 22/60 [25:56<46:24, 73.27s/it]
PermutationExplainer explainer:  38%|███▊      | 23/60 [27:21<47:25, 76.92s/it]
PermutationExplainer explainer:  40%|████      | 24/60 [28:33<45:12, 75.34s/it]
PermutationExplainer explainer:  42%|████▏     | 25/60 [29:38<42:10, 72.29s/it]
PermutationExplainer explainer:  43%|████▎     | 26/60 [31:12<44:36, 78.73s/it]
PermutationExplainer explainer:  45%|████▌     | 27/60 [32:18<41:18, 75.12s/it]
PermutationExplainer explainer:  47%|████▋     | 28/60 [33:37<40:39, 76.24s/it]
PermutationExplainer explainer:  48%|████▊     | 29/60 [34:47<38:26, 74.40s/it]
PermutationExplainer explainer:  50%|█████     | 30/60 [35:58<36:39, 73.33s/it]
PermutationExplainer explainer:  52%|█████▏    | 31/60 [37:33<38:28, 79.62s/it]
PermutationExplainer explainer:  53%|█████▎    | 32/60 [38:43<35:50, 76.79s/it]
PermutationExplainer explainer:  55%|█████▌    | 33/60 [40:03<34:59, 77.75s/it]
PermutationExplainer explainer:  57%|█████▋    | 34/60 [41:12<32:33, 75.12s/it]
PermutationExplainer explainer:  58%|█████▊    | 35/60 [42:30<31:40, 76.03s/it]
PermutationExplainer explainer:  60%|██████    | 36/60 [43:51<31:03, 77.67s/it]
PermutationExplainer explainer:  62%|██████▏   | 37/60 [45:02<29:00, 75.68s/it]
PermutationExplainer explainer:  63%|██████▎   | 38/60 [46:23<28:16, 77.11s/it]
PermutationExplainer explainer:  65%|██████▌   | 39/60 [47:38<26:46, 76.52s/it]
PermutationExplainer explainer:  67%|██████▋   | 40/60 [49:07<26:45, 80.25s/it]
PermutationExplainer explainer:  68%|██████▊   | 41/60 [50:20<24:42, 78.05s/it]
PermutationExplainer explainer:  70%|███████   | 42/60 [51:28<22:30, 75.04s/it]
PermutationExplainer explainer:  72%|███████▏  | 43/60 [52:46<21:32, 76.05s/it]
PermutationExplainer explainer:  73%|███████▎  | 44/60 [53:58<19:57, 74.83s/it]
PermutationExplainer explainer:  75%|███████▌  | 45/60 [55:27<19:46, 79.09s/it]
PermutationExplainer explainer:  77%|███████▋  | 46/60 [56:38<17:52, 76.64s/it]
PermutationExplainer explainer:  78%|███████▊  | 47/60 [57:48<16:09, 74.57s/it]
PermutationExplainer explainer:  80%|████████  | 48/60 [59:17<15:46, 78.86s/it]
PermutationExplainer explainer:  82%|████████▏ | 49/60 [1:00:24<13:50, 75.47s/it]
PermutationExplainer explainer:  83%|████████▎ | 50/60 [1:01:43<12:45, 76.55s/it]
PermutationExplainer explainer:  85%|████████▌ | 51/60 [1:02:52<11:06, 74.05s/it]
PermutationExplainer explainer:  87%|████████▋ | 52/60 [1:03:57<09:31, 71.41s/it]
PermutationExplainer explainer:  88%|████████▊ | 53/60 [1:05:23<08:51, 75.94s/it]
PermutationExplainer explainer:  90%|█████████ | 54/60 [1:06:33<07:24, 74.07s/it]
PermutationExplainer explainer:  92%|█████████▏| 55/60 [1:07:55<06:22, 76.45s/it]
PermutationExplainer explainer:  93%|█████████▎| 56/60 [1:09:05<04:58, 74.51s/it]
PermutationExplainer explainer:  95%|█████████▌| 57/60 [1:10:14<03:38, 72.83s/it]
PermutationExplainer explainer:  97%|█████████▋| 58/60 [1:11:43<02:35, 77.71s/it]
PermutationExplainer explainer:  98%|█████████▊| 59/60 [1:12:53<01:15, 75.49s/it]
PermutationExplainer explainer: 100%|██████████| 60/60 [1:14:16<00:00, 77.75s/it]
PermutationExplainer explainer: 61it [1:15:31, 76.71s/it]                        
PermutationExplainer explainer: 61it [1:15:31, 75.52s/it]
Fold 2/5 — teste: acc=0.7241, AUC=0.6402, F1=0.2800, AP=0.3240
Fold 3/5 — Optuna (AUC val interna média em 5 folds NCV=0.7558): {'units': 80, 'dropout': 0.10939476256854563, 'learning_rate': 0.00294092162361432, 'batch_size': 64}

PermutationExplainer explainer:   2%|▏         | 1/60 [00:00<?, ?it/s]
PermutationExplainer explainer:   5%|▌         | 3/60 [01:53<31:18, 32.95s/it]
PermutationExplainer explainer:   7%|▋         | 4/60 [03:32<56:30, 60.55s/it]
PermutationExplainer explainer:   8%|▊         | 5/60 [04:29<54:29, 59.45s/it]
PermutationExplainer explainer:  10%|█         | 6/60 [05:47<59:09, 65.72s/it]
PermutationExplainer explainer:  12%|█▏        | 7/60 [07:01<1:00:27, 68.45s/it]
PermutationExplainer explainer:  13%|█▎        | 8/60 [08:20<1:02:21, 71.96s/it]
PermutationExplainer explainer:  15%|█▌        | 9/60 [09:39<1:03:06, 74.24s/it]
PermutationExplainer explainer:  17%|█▋        | 10/60 [10:45<59:31, 71.42s/it] 
PermutationExplainer explainer:  18%|█▊        | 11/60 [12:07<1:01:00, 74.71s/it]
PermutationExplainer explainer:  20%|██        | 12/60 [13:19<59:08, 73.92s/it]  
PermutationExplainer explainer:  22%|██▏       | 13/60 [14:44<1:00:35, 77.36s/it]
PermutationExplainer explainer:  23%|██▎       | 14/60 [16:00<59:02, 77.02s/it]  
PermutationExplainer explainer:  25%|██▌       | 15/60 [17:04<54:49, 73.11s/it]
PermutationExplainer explainer:  27%|██▋       | 16/60 [18:24<54:59, 74.98s/it]
PermutationExplainer explainer:  28%|██▊       | 17/60 [19:32<52:24, 73.12s/it]
PermutationExplainer explainer:  30%|███       | 18/60 [20:39<49:45, 71.08s/it]
PermutationExplainer explainer:  32%|███▏      | 19/60 [22:11<52:51, 77.36s/it]
PermutationExplainer explainer:  33%|███▎      | 20/60 [23:20<50:02, 75.05s/it]
PermutationExplainer explainer:  35%|███▌      | 21/60 [24:40<49:42, 76.48s/it]
PermutationExplainer explainer:  37%|███▋      | 22/60 [25:52<47:35, 75.14s/it]
PermutationExplainer explainer:  38%|███▊      | 23/60 [27:07<46:10, 74.89s/it]
PermutationExplainer explainer:  40%|████      | 24/60 [28:34<47:07, 78.55s/it]
PermutationExplainer explainer:  42%|████▏     | 25/60 [29:41<43:48, 75.10s/it]
PermutationExplainer explainer:  43%|████▎     | 26/60 [31:01<43:26, 76.66s/it]
PermutationExplainer explainer:  45%|████▌     | 27/60 [32:14<41:36, 75.64s/it]
PermutationExplainer explainer:  47%|████▋     | 28/60 [33:41<42:02, 78.82s/it]
PermutationExplainer explainer:  48%|████▊     | 29/60 [34:53<39:41, 76.82s/it]
PermutationExplainer explainer:  50%|█████     | 30/60 [36:02<37:12, 74.42s/it]
PermutationExplainer explainer:  52%|█████▏    | 31/60 [37:22<36:51, 76.27s/it]
PermutationExplainer explainer:  53%|█████▎    | 32/60 [38:34<35:03, 75.11s/it]
PermutationExplainer explainer:  55%|█████▌    | 33/60 [40:04<35:42, 79.37s/it]
PermutationExplainer explainer:  57%|█████▋    | 34/60 [41:17<33:34, 77.48s/it]
PermutationExplainer explainer:  58%|█████▊    | 35/60 [42:23<30:52, 74.10s/it]
PermutationExplainer explainer:  60%|██████    | 36/60 [43:42<30:10, 75.42s/it]
PermutationExplainer explainer:  62%|██████▏   | 37/60 [44:54<28:32, 74.46s/it]
PermutationExplainer explainer:  63%|██████▎   | 38/60 [46:20<28:38, 78.12s/it]
PermutationExplainer explainer:  65%|██████▌   | 39/60 [47:31<26:33, 75.88s/it]
PermutationExplainer explainer:  67%|██████▋   | 40/60 [48:38<24:23, 73.19s/it]
PermutationExplainer explainer:  68%|██████▊   | 41/60 [49:55<23:33, 74.38s/it]
PermutationExplainer explainer:  70%|███████   | 42/60 [51:01<21:30, 71.71s/it]
PermutationExplainer explainer:  72%|███████▏  | 43/60 [52:02<19:26, 68.60s/it]
PermutationExplainer explainer:  73%|███████▎  | 44/60 [53:29<19:47, 74.19s/it]
PermutationExplainer explainer:  75%|███████▌  | 45/60 [54:36<18:00, 72.02s/it]
PermutationExplainer explainer:  77%|███████▋  | 46/60 [55:56<17:22, 74.46s/it]
PermutationExplainer explainer:  78%|███████▊  | 47/60 [57:10<16:04, 74.16s/it]
PermutationExplainer explainer:  80%|████████  | 48/60 [58:27<15:00, 75.02s/it]
PermutationExplainer explainer:  82%|████████▏ | 49/60 [59:47<14:03, 76.69s/it]
PermutationExplainer explainer:  83%|████████▎ | 50/60 [1:00:53<12:13, 73.30s/it]
PermutationExplainer explainer:  85%|████████▌ | 51/60 [1:02:08<11:03, 73.77s/it]
PermutationExplainer explainer:  87%|████████▋ | 52/60 [1:03:13<09:29, 71.18s/it]
PermutationExplainer explainer:  88%|████████▊ | 53/60 [1:04:23<08:15, 70.75s/it]
PermutationExplainer explainer:  90%|█████████ | 54/60 [1:05:54<07:42, 77.02s/it]
PermutationExplainer explainer:  92%|█████████▏| 55/60 [1:07:01<06:09, 73.85s/it]
PermutationExplainer explainer:  93%|█████████▎| 56/60 [1:08:16<04:57, 74.35s/it]
PermutationExplainer explainer:  95%|█████████▌| 57/60 [1:09:27<03:39, 73.20s/it]
PermutationExplainer explainer:  97%|█████████▋| 58/60 [1:10:31<02:21, 70.66s/it]
PermutationExplainer explainer:  98%|█████████▊| 59/60 [1:11:58<01:15, 75.45s/it]
PermutationExplainer explainer: 100%|██████████| 60/60 [1:13:03<00:00, 72.42s/it]
PermutationExplainer explainer: 61it [1:14:33, 77.67s/it]                        
PermutationExplainer explainer: 61it [1:14:33, 74.56s/it]
Fold 3/5 — teste: acc=0.7422, AUC=0.7564, F1=0.4844, AP=0.5051
Fold 4/5 — Optuna (AUC val interna média em 5 folds NCV=0.7388): {'units': 80, 'dropout': 0.41899397979990527, 'learning_rate': 0.0022948009793399286, 'batch_size': 32}

PermutationExplainer explainer:   2%|▏         | 1/60 [00:00<?, ?it/s]
PermutationExplainer explainer:   5%|▌         | 3/60 [02:16<41:09, 43.32s/it]
PermutationExplainer explainer:   7%|▋         | 4/60 [03:31<52:55, 56.71s/it]
PermutationExplainer explainer:   8%|▊         | 5/60 [04:39<55:40, 60.74s/it]
PermutationExplainer explainer:  10%|█         | 6/60 [05:59<1:00:42, 67.46s/it]
PermutationExplainer explainer:  12%|█▏        | 7/60 [07:12<1:01:08, 69.22s/it]
PermutationExplainer explainer:  13%|█▎        | 8/60 [08:35<1:03:48, 73.63s/it]
PermutationExplainer explainer:  15%|█▌        | 9/60 [09:41<1:00:32, 71.22s/it]
PermutationExplainer explainer:  17%|█▋        | 10/60 [11:05<1:02:51, 75.43s/it]
PermutationExplainer explainer:  18%|█▊        | 11/60 [12:15<1:00:00, 73.48s/it]
PermutationExplainer explainer:  20%|██        | 12/60 [13:21<57:10, 71.47s/it]  
PermutationExplainer explainer:  22%|██▏       | 13/60 [14:39<57:26, 73.34s/it]
PermutationExplainer explainer:  23%|██▎       | 14/60 [15:49<55:27, 72.34s/it]
PermutationExplainer explainer:  25%|██▌       | 15/60 [17:12<56:35, 75.45s/it]
PermutationExplainer explainer:  27%|██▋       | 16/60 [18:20<53:48, 73.38s/it]
PermutationExplainer explainer:  28%|██▊       | 17/60 [19:26<50:54, 71.03s/it]
PermutationExplainer explainer:  30%|███       | 18/60 [20:56<53:42, 76.73s/it]
PermutationExplainer explainer:  32%|███▏      | 19/60 [22:02<50:08, 73.38s/it]
PermutationExplainer explainer:  33%|███▎      | 20/60 [23:23<50:35, 75.88s/it]
PermutationExplainer explainer:  35%|███▌      | 21/60 [24:36<48:45, 75.01s/it]
PermutationExplainer explainer:  37%|███▋      | 22/60 [26:07<50:29, 79.73s/it]
PermutationExplainer explainer:  38%|███▊      | 23/60 [27:12<46:25, 75.28s/it]
PermutationExplainer explainer:  40%|████      | 24/60 [28:18<43:31, 72.53s/it]
PermutationExplainer explainer:  42%|████▏     | 25/60 [29:50<45:48, 78.53s/it]
PermutationExplainer explainer:  43%|████▎     | 26/60 [30:58<42:33, 75.10s/it]
PermutationExplainer explainer:  45%|████▌     | 27/60 [32:18<42:06, 76.56s/it]
PermutationExplainer explainer:  47%|████▋     | 28/60 [33:30<40:09, 75.29s/it]
PermutationExplainer explainer:  48%|████▊     | 29/60 [34:56<40:31, 78.43s/it]
PermutationExplainer explainer:  50%|█████     | 30/60 [36:07<38:07, 76.25s/it]
PermutationExplainer explainer:  52%|█████▏    | 31/60 [37:33<38:21, 79.35s/it]
PermutationExplainer explainer:  53%|█████▎    | 32/60 [38:41<35:20, 75.73s/it]
PermutationExplainer explainer:  55%|█████▌    | 33/60 [39:51<33:22, 74.18s/it]
PermutationExplainer explainer:  57%|█████▋    | 34/60 [41:06<32:17, 74.50s/it]
PermutationExplainer explainer:  58%|█████▊    | 35/60 [42:18<30:43, 73.72s/it]
PermutationExplainer explainer:  60%|██████    | 36/60 [43:43<30:46, 76.94s/it]
PermutationExplainer explainer:  62%|██████▏   | 37/60 [44:50<28:19, 73.87s/it]
PermutationExplainer explainer:  63%|██████▎   | 38/60 [46:05<27:17, 74.44s/it]
PermutationExplainer explainer:  65%|██████▌   | 39/60 [47:20<26:02, 74.42s/it]
PermutationExplainer explainer:  67%|██████▋   | 40/60 [48:25<23:53, 71.67s/it]
PermutationExplainer explainer:  68%|██████▊   | 41/60 [49:41<23:07, 73.05s/it]
PermutationExplainer explainer:  70%|███████   | 42/60 [50:51<21:39, 72.22s/it]
PermutationExplainer explainer:  72%|███████▏  | 43/60 [52:16<21:31, 75.94s/it]
PermutationExplainer explainer:  73%|███████▎  | 44/60 [53:26<19:44, 74.03s/it]
PermutationExplainer explainer:  75%|███████▌  | 45/60 [54:35<18:08, 72.57s/it]
PermutationExplainer explainer:  77%|███████▋  | 46/60 [55:51<17:12, 73.74s/it]
PermutationExplainer explainer:  78%|███████▊  | 47/60 [57:00<15:39, 72.25s/it]
PermutationExplainer explainer:  80%|████████  | 48/60 [58:19<14:51, 74.32s/it]
PermutationExplainer explainer:  82%|████████▏ | 49/60 [59:27<13:16, 72.41s/it]
PermutationExplainer explainer:  83%|████████▎ | 50/60 [1:00:37<11:56, 71.63s/it]
PermutationExplainer explainer:  85%|████████▌ | 51/60 [1:02:05<11:29, 76.59s/it]
PermutationExplainer explainer:  87%|████████▋ | 52/60 [1:03:13<09:51, 73.99s/it]
PermutationExplainer explainer:  88%|████████▊ | 53/60 [1:04:29<08:42, 74.59s/it]
PermutationExplainer explainer:  90%|█████████ | 54/60 [1:05:41<07:23, 73.85s/it]
PermutationExplainer explainer:  92%|█████████▏| 55/60 [1:07:03<06:21, 76.38s/it]
PermutationExplainer explainer:  93%|█████████▎| 56/60 [1:08:08<04:51, 72.86s/it]
PermutationExplainer explainer:  95%|█████████▌| 57/60 [1:09:18<03:35, 71.93s/it]
PermutationExplainer explainer:  97%|█████████▋| 58/60 [1:10:51<02:36, 78.40s/it]
PermutationExplainer explainer:  98%|█████████▊| 59/60 [1:11:58<01:14, 74.98s/it]
PermutationExplainer explainer: 100%|██████████| 60/60 [1:13:11<00:00, 74.39s/it]
PermutationExplainer explainer: 61it [1:14:25, 74.04s/it]                        
PermutationExplainer explainer: 61it [1:14:25, 74.42s/it]
Fold 4/5 — teste: acc=0.7791, AUC=0.7322, F1=0.3294, AP=0.3374
Fold 5/5 — Optuna (AUC val interna média em 5 folds NCV=0.7245): {'units': 16, 'dropout': 0.26981791721775933, 'learning_rate': 0.0006036621431511177, 'batch_size': 32}

PermutationExplainer explainer:   2%|▏         | 1/60 [00:00<?, ?it/s]
PermutationExplainer explainer:   5%|▌         | 3/60 [02:15<40:22, 42.50s/it]
PermutationExplainer explainer:   7%|▋         | 4/60 [03:26<50:32, 54.15s/it]
PermutationExplainer explainer:   8%|▊         | 5/60 [04:34<54:22, 59.31s/it]
PermutationExplainer explainer:  10%|█         | 6/60 [06:00<1:02:00, 68.90s/it]
PermutationExplainer explainer:  12%|█▏        | 7/60 [07:08<1:00:35, 68.59s/it]
PermutationExplainer explainer:  13%|█▎        | 8/60 [08:26<1:01:55, 71.46s/it]
PermutationExplainer explainer:  15%|█▌        | 9/60 [09:34<59:48, 70.36s/it]  
PermutationExplainer explainer:  17%|█▋        | 10/60 [10:58<1:02:14, 74.69s/it]
PermutationExplainer explainer:  18%|█▊        | 11/60 [12:09<59:56, 73.40s/it]  
PermutationExplainer explainer:  20%|██        | 12/60 [13:18<57:44, 72.17s/it]
PermutationExplainer explainer:  22%|██▏       | 13/60 [14:48<1:00:52, 77.72s/it]
PermutationExplainer explainer:  23%|██▎       | 14/60 [15:55<56:58, 74.31s/it]  
PermutationExplainer explainer:  25%|██▌       | 15/60 [17:13<56:35, 75.46s/it]
PermutationExplainer explainer:  27%|██▋       | 16/60 [18:25<54:39, 74.53s/it]
PermutationExplainer explainer:  28%|██▊       | 17/60 [19:55<56:34, 78.93s/it]
PermutationExplainer explainer:  30%|███       | 18/60 [21:02<52:52, 75.54s/it]
PermutationExplainer explainer:  32%|███▏      | 19/60 [22:19<51:46, 75.76s/it]
PermutationExplainer explainer:  33%|███▎      | 20/60 [23:34<50:21, 75.55s/it]
PermutationExplainer explainer:  35%|███▌      | 21/60 [24:41<47:31, 73.13s/it]
PermutationExplainer explainer:  37%|███▋      | 22/60 [25:58<47:07, 74.40s/it]
PermutationExplainer explainer:  38%|███▊      | 23/60 [27:06<44:41, 72.48s/it]
PermutationExplainer explainer:  40%|████      | 24/60 [28:30<45:24, 75.68s/it]
PermutationExplainer explainer:  42%|████▏     | 25/60 [29:35<42:18, 72.54s/it]
PermutationExplainer explainer:  43%|████▎     | 26/60 [30:42<40:13, 70.99s/it]
PermutationExplainer explainer:  45%|████▌     | 27/60 [32:01<40:24, 73.46s/it]
PermutationExplainer explainer:  47%|████▋     | 28/60 [33:10<38:25, 72.06s/it]
PermutationExplainer explainer:  48%|████▊     | 29/60 [34:34<39:06, 75.69s/it]
PermutationExplainer explainer:  50%|█████     | 30/60 [35:46<37:15, 74.51s/it]
PermutationExplainer explainer:  52%|█████▏    | 31/60 [37:13<37:47, 78.19s/it]
PermutationExplainer explainer:  53%|█████▎    | 32/60 [38:23<35:18, 75.66s/it]
PermutationExplainer explainer:  55%|█████▌    | 33/60 [39:31<33:07, 73.60s/it]
PermutationExplainer explainer:  57%|█████▋    | 34/60 [40:55<33:08, 76.47s/it]
PermutationExplainer explainer:  58%|█████▊    | 35/60 [42:01<30:37, 73.51s/it]
PermutationExplainer explainer:  60%|██████    | 36/60 [43:19<29:54, 74.76s/it]
PermutationExplainer explainer:  62%|██████▏   | 37/60 [44:25<27:39, 72.14s/it]
PermutationExplainer explainer:  63%|██████▎   | 38/60 [45:24<24:59, 68.16s/it]
PermutationExplainer explainer:  65%|██████▌   | 39/60 [46:49<25:40, 73.33s/it]
PermutationExplainer explainer:  67%|██████▋   | 40/60 [47:49<23:05, 69.26s/it]
PermutationExplainer explainer:  68%|██████▊   | 41/60 [49:09<22:55, 72.41s/it]
PermutationExplainer explainer:  70%|███████   | 42/60 [50:13<20:58, 69.92s/it]
PermutationExplainer explainer:  72%|███████▏  | 43/60 [51:36<20:57, 73.95s/it]
PermutationExplainer explainer:  73%|███████▎  | 44/60 [52:49<19:38, 73.64s/it]
PermutationExplainer explainer:  75%|███████▌  | 45/60 [53:56<17:55, 71.70s/it]
PermutationExplainer explainer:  77%|███████▋  | 46/60 [55:12<16:58, 72.78s/it]
PermutationExplainer explainer:  78%|███████▊  | 47/60 [56:21<15:35, 71.94s/it]
PermutationExplainer explainer:  80%|████████  | 48/60 [57:44<15:02, 75.20s/it]
PermutationExplainer explainer:  82%|████████▏ | 49/60 [58:50<13:15, 72.29s/it]
PermutationExplainer explainer:  83%|████████▎ | 50/60 [1:00:04<12:09, 72.95s/it]
PermutationExplainer explainer:  85%|████████▌ | 51/60 [1:01:25<11:17, 75.26s/it]
PermutationExplainer explainer:  87%|████████▋ | 52/60 [1:02:30<09:37, 72.18s/it]
PermutationExplainer explainer:  88%|████████▊ | 53/60 [1:03:48<08:36, 73.83s/it]
PermutationExplainer explainer:  90%|█████████ | 54/60 [1:05:01<07:21, 73.59s/it]
PermutationExplainer explainer:  92%|█████████▏| 55/60 [1:06:27<06:27, 77.47s/it]
PermutationExplainer explainer:  93%|█████████▎| 56/60 [1:07:37<05:00, 75.19s/it]
PermutationExplainer explainer:  95%|█████████▌| 57/60 [1:08:50<03:43, 74.60s/it]
PermutationExplainer explainer:  97%|█████████▋| 58/60 [1:10:14<02:34, 77.22s/it]
PermutationExplainer explainer:  98%|█████████▊| 59/60 [1:11:22<01:14, 74.56s/it]
PermutationExplainer explainer: 100%|██████████| 60/60 [1:12:38<00:00, 75.05s/it]
PermutationExplainer explainer: 61it [1:13:49, 73.92s/it]                        
PermutationExplainer explainer: 61it [1:13:49, 73.83s/it]
Fold 5/5 — teste: acc=0.7115, AUC=0.7912, F1=0.4000, AP=0.3827
Resumo 5-fold SGK (média ± dp) — teste: acc=0.7275 ± 0.0327, AUC=0.7169 ± 0.0565, F1=0.3400 ± 0.0960, AP=0.3827 ± 0.0645.

PermutationExplainer explainer:   2%|▏         | 1/60 [00:00<?, ?it/s]
PermutationExplainer explainer:   5%|▌         | 3/60 [02:09<32:47, 34.51s/it]
PermutationExplainer explainer:   7%|▋         | 4/60 [03:10<42:44, 45.80s/it]
PermutationExplainer explainer:   8%|▊         | 5/60 [04:28<53:04, 57.89s/it]
PermutationExplainer explainer:  10%|█         | 6/60 [05:39<55:59, 62.22s/it]
PermutationExplainer explainer:  12%|█▏        | 7/60 [07:02<1:01:00, 69.07s/it]
PermutationExplainer explainer:  13%|█▎        | 8/60 [08:10<59:34, 68.74s/it]  
PermutationExplainer explainer:  15%|█▌        | 9/60 [09:17<58:11, 68.46s/it]
PermutationExplainer explainer:  17%|█▋        | 10/60 [10:38<1:00:08, 72.17s/it]
PermutationExplainer explainer:  18%|█▊        | 11/60 [11:46<58:02, 71.07s/it]  
PermutationExplainer explainer:  20%|██        | 12/60 [13:05<58:35, 73.25s/it]
PermutationExplainer explainer:  22%|██▏       | 13/60 [14:17<57:05, 72.87s/it]
PermutationExplainer explainer:  23%|██▎       | 14/60 [15:43<59:02, 77.01s/it]
PermutationExplainer explainer:  25%|██▌       | 15/60 [16:48<54:58, 73.29s/it]
PermutationExplainer explainer:  27%|██▋       | 16/60 [17:54<52:03, 70.99s/it]
PermutationExplainer explainer:  28%|██▊       | 17/60 [19:22<54:39, 76.27s/it]
PermutationExplainer explainer:  30%|███       | 18/60 [20:23<50:12, 71.72s/it]
PermutationExplainer explainer:  32%|███▏      | 19/60 [21:45<51:08, 74.83s/it]
PermutationExplainer explainer:  33%|███▎      | 20/60 [22:53<48:25, 72.63s/it]
PermutationExplainer explainer:  35%|███▌      | 21/60 [24:14<48:53, 75.21s/it]
PermutationExplainer explainer:  37%|███▋      | 22/60 [25:20<45:55, 72.51s/it]
PermutationExplainer explainer:  38%|███▊      | 23/60 [26:27<43:33, 70.64s/it]
PermutationExplainer explainer:  40%|████      | 24/60 [27:42<43:19, 72.22s/it]
PermutationExplainer explainer:  42%|████▏     | 25/60 [28:52<41:44, 71.57s/it]
PermutationExplainer explainer:  43%|████▎     | 26/60 [30:17<42:40, 75.31s/it]
PermutationExplainer explainer:  45%|████▌     | 27/60 [31:23<39:56, 72.62s/it]
PermutationExplainer explainer:  47%|████▋     | 28/60 [32:41<39:38, 74.33s/it]
PermutationExplainer explainer:  48%|████▊     | 29/60 [33:53<37:59, 73.53s/it]
PermutationExplainer explainer:  50%|█████     | 30/60 [34:57<35:19, 70.65s/it]
PermutationExplainer explainer:  52%|█████▏    | 31/60 [36:16<35:24, 73.25s/it]
PermutationExplainer explainer:  53%|█████▎    | 32/60 [37:25<33:30, 71.81s/it]
PermutationExplainer explainer:  55%|█████▌    | 33/60 [38:47<33:43, 74.94s/it]
PermutationExplainer explainer:  57%|█████▋    | 34/60 [39:54<31:31, 72.75s/it]
PermutationExplainer explainer:  58%|█████▊    | 35/60 [41:00<29:25, 70.61s/it]
PermutationExplainer explainer:  60%|██████    | 36/60 [42:16<28:52, 72.18s/it]
PermutationExplainer explainer:  62%|██████▏   | 37/60 [43:23<27:02, 70.53s/it]
PermutationExplainer explainer:  63%|██████▎   | 38/60 [44:49<27:38, 75.37s/it]
PermutationExplainer explainer:  65%|██████▌   | 39/60 [45:58<25:42, 73.43s/it]
PermutationExplainer explainer:  67%|██████▋   | 40/60 [47:13<24:35, 73.78s/it]
PermutationExplainer explainer:  68%|██████▊   | 41/60 [48:32<23:55, 75.58s/it]
PermutationExplainer explainer:  70%|███████   | 42/60 [49:38<21:44, 72.49s/it]
PermutationExplainer explainer:  72%|███████▏  | 43/60 [50:55<20:57, 73.97s/it]
PermutationExplainer explainer:  73%|███████▎  | 44/60 [52:05<19:22, 72.67s/it]
PermutationExplainer explainer:  75%|███████▌  | 45/60 [53:30<19:07, 76.51s/it]
PermutationExplainer explainer:  77%|███████▋  | 46/60 [54:38<17:12, 73.77s/it]
PermutationExplainer explainer:  78%|███████▊  | 47/60 [55:48<15:46, 72.81s/it]
PermutationExplainer explainer:  80%|████████  | 48/60 [57:13<15:15, 76.25s/it]
PermutationExplainer explainer:  82%|████████▏ | 49/60 [58:20<13:28, 73.48s/it]
PermutationExplainer explainer:  83%|████████▎ | 50/60 [59:41<12:39, 75.92s/it]
PermutationExplainer explainer:  85%|████████▌ | 51/60 [1:00:53<11:12, 74.74s/it]
PermutationExplainer explainer:  87%|████████▋ | 52/60 [1:02:20<10:27, 78.41s/it]
PermutationExplainer explainer:  88%|████████▊ | 53/60 [1:03:31<08:53, 76.24s/it]
PermutationExplainer explainer:  90%|█████████ | 54/60 [1:04:37<07:19, 73.20s/it]
PermutationExplainer explainer:  92%|█████████▏| 55/60 [1:06:04<06:26, 77.30s/it]
PermutationExplainer explainer:  93%|█████████▎| 56/60 [1:07:13<04:58, 74.68s/it]
PermutationExplainer explainer:  95%|█████████▌| 57/60 [1:08:33<03:48, 76.22s/it]
PermutationExplainer explainer:  97%|█████████▋| 58/60 [1:09:44<02:29, 74.72s/it]
PermutationExplainer explainer:  98%|█████████▊| 59/60 [1:11:08<01:17, 77.68s/it]
PermutationExplainer explainer: 100%|██████████| 60/60 [1:12:15<00:00, 74.37s/it]
PermutationExplainer explainer: 61it [1:13:34, 75.71s/it]                        
PermutationExplainer explainer: 61it [1:13:34, 73.57s/it]
Tempo total: 32299.2 s — artefactos em /mnt/study-data/pgirardi/graphs/colab/exp1/unbalanced/lstm
